<?xml version="1.0" encoding="UTF-8"?>
<!-- Generated by org.testng.reporters.JUnitReportReporter -->
<testsuite hostname="QT-INBG-LT0660" failures="0" tests="1" name="myCode.RCB" time="1.231" errors="0" timestamp="2022-12-28T19:37:54 IST" skipped="0">
  <testcase classname="myCode.RCB" name="verifyTeam" time="1.231"/>
  <system-out/>
</testsuite> <!-- myCode.RCB -->
