<?xml version="1.0" encoding="UTF-8"?>
<!-- Generated by org.testng.reporters.JUnitReportReporter -->
<testsuite hostname="QT-INBG-LT0660" failures="0" tests="1" name="myCode.Verify_RCB_TeamAsOnly4ForeignPlayers" time="1.324" errors="0" timestamp="2022-12-29T15:09:08 IST" skipped="0">
  <testcase classname="myCode.Verify_RCB_TeamAsOnly4ForeignPlayers" name="verifyTeamAsOnly4ForeignPlayers" time="1.324"/>
  <system-out/>
</testsuite> <!-- myCode.Verify_RCB_TeamAsOnly4ForeignPlayers -->
